1658202090.656975 client started (27428): version 3.3a, socket /run/user/1000/tmux-1000/default, protocol 8
1658202090.656999 on Linux 5.15.53 #1-NixOS SMP Thu Jul 7 15:53:35 UTC 2022
1658202090.657014 using libevent 2.1.12-stable (poll); ncurses 6.3
1658202090.657029 flags are 0x18010000
1658202090.657035 socket is /run/user/1000/tmux-1000/default
1658202090.657045 trying connect
1658202090.657110 add peer 0xeee0b0: 6 ((nil))
1658202090.657398 sending message 100 to peer 0xeee0b0 (4 bytes)
1658202090.657408 sending message 111 to peer 0xeee0b0 (8 bytes)
1658202090.657412 sending message 101 to peer 0xeee0b0 (12 bytes)
1658202090.657417 sending message 109 to peer 0xeee0b0 (4 bytes)
1658202090.657420 sending message 102 to peer 0xeee0b0 (11 bytes)
1658202090.657423 sending message 108 to peer 0xeee0b0 (13 bytes)
1658202090.657426 sending message 112 to peer 0xeee0b0 (70 bytes)
1658202090.657429 sending message 112 to peer 0xeee0b0 (5 bytes)
1658202090.657432 sending message 112 to peer 0xeee0b0 (6 bytes)
1658202090.657435 sending message 112 to peer 0xeee0b0 (6 bytes)
1658202090.657439 sending message 112 to peer 0xeee0b0 (10 bytes)
1658202090.657442 sending message 112 to peer 0xeee0b0 (13 bytes)
1658202090.657445 sending message 112 to peer 0xeee0b0 (14 bytes)
1658202090.657448 sending message 112 to peer 0xeee0b0 (19 bytes)
1658202090.657451 sending message 112 to peer 0xeee0b0 (11 bytes)
1658202090.657454 sending message 112 to peer 0xeee0b0 (21 bytes)
1658202090.657457 sending message 112 to peer 0xeee0b0 (13 bytes)
1658202090.657460 sending message 112 to peer 0xeee0b0 (7 bytes)
1658202090.657463 sending message 112 to peer 0xeee0b0 (13 bytes)
1658202090.657466 sending message 112 to peer 0xeee0b0 (7 bytes)
1658202090.657469 sending message 112 to peer 0xeee0b0 (13 bytes)
1658202090.657472 sending message 112 to peer 0xeee0b0 (9 bytes)
1658202090.657475 sending message 112 to peer 0xeee0b0 (21 bytes)
1658202090.657478 sending message 112 to peer 0xeee0b0 (13 bytes)
1658202090.657481 sending message 112 to peer 0xeee0b0 (9 bytes)
1658202090.657484 sending message 112 to peer 0xeee0b0 (16 bytes)
1658202090.657487 sending message 112 to peer 0xeee0b0 (13 bytes)
1658202090.657490 sending message 112 to peer 0xeee0b0 (9 bytes)
1658202090.657493 sending message 112 to peer 0xeee0b0 (9 bytes)
1658202090.657496 sending message 112 to peer 0xeee0b0 (12 bytes)
1658202090.657499 sending message 112 to peer 0xeee0b0 (8 bytes)
1658202090.657502 sending message 112 to peer 0xeee0b0 (13 bytes)
1658202090.657505 sending message 112 to peer 0xeee0b0 (7 bytes)
1658202090.657508 sending message 112 to peer 0xeee0b0 (7 bytes)
1658202090.657511 sending message 112 to peer 0xeee0b0 (9 bytes)
1658202090.657514 sending message 112 to peer 0xeee0b0 (6 bytes)
1658202090.657517 sending message 112 to peer 0xeee0b0 (9 bytes)
1658202090.657520 sending message 112 to peer 0xeee0b0 (15 bytes)
1658202090.657523 sending message 112 to peer 0xeee0b0 (13 bytes)
1658202090.657526 sending message 112 to peer 0xeee0b0 (12 bytes)
1658202090.657529 sending message 112 to peer 0xeee0b0 (8 bytes)
1658202090.657532 sending message 112 to peer 0xeee0b0 (14 bytes)
1658202090.657535 sending message 112 to peer 0xeee0b0 (9 bytes)
1658202090.657538 sending message 112 to peer 0xeee0b0 (10 bytes)
1658202090.657541 sending message 112 to peer 0xeee0b0 (10 bytes)
1658202090.657544 sending message 112 to peer 0xeee0b0 (10 bytes)
1658202090.657547 sending message 112 to peer 0xeee0b0 (10 bytes)
1658202090.657550 sending message 112 to peer 0xeee0b0 (11 bytes)
1658202090.657553 sending message 112 to peer 0xeee0b0 (12 bytes)
1658202090.657556 sending message 112 to peer 0xeee0b0 (12 bytes)
1658202090.657559 sending message 112 to peer 0xeee0b0 (12 bytes)
1658202090.657562 sending message 112 to peer 0xeee0b0 (12 bytes)
1658202090.657565 sending message 112 to peer 0xeee0b0 (12 bytes)
1658202090.657569 sending message 112 to peer 0xeee0b0 (11 bytes)
1658202090.657572 sending message 112 to peer 0xeee0b0 (11 bytes)
1658202090.657575 sending message 112 to peer 0xeee0b0 (12 bytes)
1658202090.657586 sending message 112 to peer 0xeee0b0 (12 bytes)
1658202090.657590 sending message 112 to peer 0xeee0b0 (12 bytes)
1658202090.657593 sending message 112 to peer 0xeee0b0 (12 bytes)
1658202090.657596 sending message 112 to peer 0xeee0b0 (12 bytes)
1658202090.657599 sending message 112 to peer 0xeee0b0 (9 bytes)
1658202090.657602 sending message 112 to peer 0xeee0b0 (12 bytes)
1658202090.657606 sending message 112 to peer 0xeee0b0 (13 bytes)
1658202090.657609 sending message 112 to peer 0xeee0b0 (13 bytes)
1658202090.657612 sending message 112 to peer 0xeee0b0 (13 bytes)
1658202090.657615 sending message 112 to peer 0xeee0b0 (13 bytes)
1658202090.657618 sending message 112 to peer 0xeee0b0 (13 bytes)
1658202090.657621 sending message 112 to peer 0xeee0b0 (8 bytes)
1658202090.657624 sending message 112 to peer 0xeee0b0 (11 bytes)
1658202090.657627 sending message 112 to peer 0xeee0b0 (11 bytes)
1658202090.657630 sending message 112 to peer 0xeee0b0 (11 bytes)
1658202090.657633 sending message 112 to peer 0xeee0b0 (12 bytes)
1658202090.657636 sending message 112 to peer 0xeee0b0 (12 bytes)
1658202090.657639 sending message 112 to peer 0xeee0b0 (12 bytes)
1658202090.657642 sending message 112 to peer 0xeee0b0 (12 bytes)
1658202090.657645 sending message 112 to peer 0xeee0b0 (13 bytes)
1658202090.657648 sending message 112 to peer 0xeee0b0 (13 bytes)
1658202090.657651 sending message 112 to peer 0xeee0b0 (13 bytes)
1658202090.657654 sending message 112 to peer 0xeee0b0 (8 bytes)
1658202090.657657 sending message 112 to peer 0xeee0b0 (13 bytes)
1658202090.657660 sending message 112 to peer 0xeee0b0 (13 bytes)
1658202090.657664 sending message 112 to peer 0xeee0b0 (13 bytes)
1658202090.657667 sending message 112 to peer 0xeee0b0 (13 bytes)
1658202090.657670 sending message 112 to peer 0xeee0b0 (13 bytes)
1658202090.657673 sending message 112 to peer 0xeee0b0 (12 bytes)
1658202090.657676 sending message 112 to peer 0xeee0b0 (12 bytes)
1658202090.657679 sending message 112 to peer 0xeee0b0 (12 bytes)
1658202090.657682 sending message 112 to peer 0xeee0b0 (12 bytes)
1658202090.657685 sending message 112 to peer 0xeee0b0 (13 bytes)
1658202090.657688 sending message 112 to peer 0xeee0b0 (8 bytes)
1658202090.657691 sending message 112 to peer 0xeee0b0 (13 bytes)
1658202090.657694 sending message 112 to peer 0xeee0b0 (13 bytes)
1658202090.657697 sending message 112 to peer 0xeee0b0 (13 bytes)
1658202090.657700 sending message 112 to peer 0xeee0b0 (13 bytes)
1658202090.657703 sending message 112 to peer 0xeee0b0 (13 bytes)
1658202090.657706 sending message 112 to peer 0xeee0b0 (13 bytes)
1658202090.657709 sending message 112 to peer 0xeee0b0 (13 bytes)
1658202090.657712 sending message 112 to peer 0xeee0b0 (12 bytes)
1658202090.657716 sending message 112 to peer 0xeee0b0 (12 bytes)
1658202090.657719 sending message 112 to peer 0xeee0b0 (12 bytes)
1658202090.657722 sending message 112 to peer 0xeee0b0 (8 bytes)
1658202090.657725 sending message 112 to peer 0xeee0b0 (12 bytes)
1658202090.657728 sending message 112 to peer 0xeee0b0 (13 bytes)
1658202090.657731 sending message 112 to peer 0xeee0b0 (13 bytes)
1658202090.657734 sending message 112 to peer 0xeee0b0 (13 bytes)
1658202090.657737 sending message 112 to peer 0xeee0b0 (13 bytes)
1658202090.657740 sending message 112 to peer 0xeee0b0 (13 bytes)
1658202090.657743 sending message 112 to peer 0xeee0b0 (13 bytes)
1658202090.657746 sending message 112 to peer 0xeee0b0 (13 bytes)
1658202090.657749 sending message 112 to peer 0xeee0b0 (13 bytes)
1658202090.657752 sending message 112 to peer 0xeee0b0 (12 bytes)
1658202090.657755 sending message 112 to peer 0xeee0b0 (10 bytes)
1658202090.657758 sending message 112 to peer 0xeee0b0 (12 bytes)
1658202090.657761 sending message 112 to peer 0xeee0b0 (12 bytes)
1658202090.657764 sending message 112 to peer 0xeee0b0 (12 bytes)
1658202090.657767 sending message 112 to peer 0xeee0b0 (13 bytes)
1658202090.657771 sending message 112 to peer 0xeee0b0 (13 bytes)
1658202090.657774 sending message 112 to peer 0xeee0b0 (13 bytes)
1658202090.657781 sending message 112 to peer 0xeee0b0 (13 bytes)
1658202090.657784 sending message 112 to peer 0xeee0b0 (13 bytes)
1658202090.657787 sending message 112 to peer 0xeee0b0 (13 bytes)
1658202090.657790 sending message 112 to peer 0xeee0b0 (13 bytes)
1658202090.657793 sending message 112 to peer 0xeee0b0 (10 bytes)
1658202090.657796 sending message 112 to peer 0xeee0b0 (13 bytes)
1658202090.657800 sending message 112 to peer 0xeee0b0 (12 bytes)
1658202090.657803 sending message 112 to peer 0xeee0b0 (12 bytes)
1658202090.657806 sending message 112 to peer 0xeee0b0 (12 bytes)
1658202090.657809 sending message 112 to peer 0xeee0b0 (10 bytes)
1658202090.657812 sending message 112 to peer 0xeee0b0 (10 bytes)
1658202090.657815 sending message 112 to peer 0xeee0b0 (10 bytes)
1658202090.657818 sending message 112 to peer 0xeee0b0 (12 bytes)
1658202090.657821 sending message 112 to peer 0xeee0b0 (13 bytes)
1658202090.657824 sending message 112 to peer 0xeee0b0 (13 bytes)
1658202090.657827 sending message 112 to peer 0xeee0b0 (13 bytes)
1658202090.657830 sending message 112 to peer 0xeee0b0 (13 bytes)
1658202090.657833 sending message 112 to peer 0xeee0b0 (13 bytes)
1658202090.657836 sending message 112 to peer 0xeee0b0 (10 bytes)
1658202090.657839 sending message 112 to peer 0xeee0b0 (11 bytes)
1658202090.657842 sending message 112 to peer 0xeee0b0 (12 bytes)
1658202090.657845 sending message 112 to peer 0xeee0b0 (12 bytes)
1658202090.657848 sending message 112 to peer 0xeee0b0 (12 bytes)
1658202090.657851 sending message 112 to peer 0xeee0b0 (12 bytes)
1658202090.657855 sending message 112 to peer 0xeee0b0 (12 bytes)
1658202090.657858 sending message 112 to peer 0xeee0b0 (11 bytes)
1658202090.657861 sending message 112 to peer 0xeee0b0 (12 bytes)
1658202090.657864 sending message 112 to peer 0xeee0b0 (12 bytes)
1658202090.657867 sending message 112 to peer 0xeee0b0 (13 bytes)
1658202090.657870 sending message 112 to peer 0xeee0b0 (13 bytes)
1658202090.657873 sending message 112 to peer 0xeee0b0 (13 bytes)
1658202090.657876 sending message 112 to peer 0xeee0b0 (13 bytes)
1658202090.657879 sending message 112 to peer 0xeee0b0 (13 bytes)
1658202090.657882 sending message 112 to peer 0xeee0b0 (10 bytes)
1658202090.657885 sending message 112 to peer 0xeee0b0 (9 bytes)
1658202090.657888 sending message 112 to peer 0xeee0b0 (12 bytes)
1658202090.657891 sending message 112 to peer 0xeee0b0 (13 bytes)
1658202090.657894 sending message 112 to peer 0xeee0b0 (13 bytes)
1658202090.657897 sending message 112 to peer 0xeee0b0 (13 bytes)
1658202090.657900 sending message 112 to peer 0xeee0b0 (13 bytes)
1658202090.657903 sending message 112 to peer 0xeee0b0 (13 bytes)
1658202090.657906 sending message 112 to peer 0xeee0b0 (9 bytes)
1658202090.657910 sending message 112 to peer 0xeee0b0 (12 bytes)
1658202090.657913 sending message 112 to peer 0xeee0b0 (13 bytes)
1658202090.657916 sending message 112 to peer 0xeee0b0 (13 bytes)
1658202090.657919 sending message 112 to peer 0xeee0b0 (13 bytes)
1658202090.657922 sending message 112 to peer 0xeee0b0 (13 bytes)
1658202090.657925 sending message 112 to peer 0xeee0b0 (13 bytes)
1658202090.657928 sending message 112 to peer 0xeee0b0 (11 bytes)
1658202090.657931 sending message 112 to peer 0xeee0b0 (12 bytes)
1658202090.657934 sending message 112 to peer 0xeee0b0 (13 bytes)
1658202090.657937 sending message 112 to peer 0xeee0b0 (13 bytes)
1658202090.657940 sending message 112 to peer 0xeee0b0 (13 bytes)
1658202090.657943 sending message 112 to peer 0xeee0b0 (13 bytes)
1658202090.657946 sending message 112 to peer 0xeee0b0 (13 bytes)
1658202090.657949 sending message 112 to peer 0xeee0b0 (11 bytes)
1658202090.657952 sending message 112 to peer 0xeee0b0 (12 bytes)
1658202090.657955 sending message 112 to peer 0xeee0b0 (12 bytes)
1658202090.657958 sending message 112 to peer 0xeee0b0 (12 bytes)
1658202090.657962 sending message 112 to peer 0xeee0b0 (12 bytes)
1658202090.657965 sending message 112 to peer 0xeee0b0 (12 bytes)
1658202090.657968 sending message 112 to peer 0xeee0b0 (12 bytes)
1658202090.657971 sending message 112 to peer 0xeee0b0 (9 bytes)
1658202090.657980 sending message 112 to peer 0xeee0b0 (6 bytes)
1658202090.657983 sending message 112 to peer 0xeee0b0 (13 bytes)
1658202090.657986 sending message 112 to peer 0xeee0b0 (10 bytes)
1658202090.657990 sending message 112 to peer 0xeee0b0 (15 bytes)
1658202090.657993 sending message 112 to peer 0xeee0b0 (11 bytes)
1658202090.657996 sending message 112 to peer 0xeee0b0 (70 bytes)
1658202090.657999 sending message 112 to peer 0xeee0b0 (69 bytes)
1658202090.658011 sending message 112 to peer 0xeee0b0 (34 bytes)
1658202090.658014 sending message 112 to peer 0xeee0b0 (34 bytes)
1658202090.658017 sending message 112 to peer 0xeee0b0 (12 bytes)
1658202090.658021 sending message 112 to peer 0xeee0b0 (10 bytes)
1658202090.658024 sending message 112 to peer 0xeee0b0 (10 bytes)
1658202090.658027 sending message 112 to peer 0xeee0b0 (15 bytes)
1658202090.658030 sending message 112 to peer 0xeee0b0 (11 bytes)
1658202090.658033 sending message 112 to peer 0xeee0b0 (10 bytes)
1658202090.658037 sending message 112 to peer 0xeee0b0 (10 bytes)
1658202090.658040 sending message 112 to peer 0xeee0b0 (17 bytes)
1658202090.658044 sending message 112 to peer 0xeee0b0 (10 bytes)
1658202090.658047 sending message 112 to peer 0xeee0b0 (17 bytes)
1658202090.658050 sending message 112 to peer 0xeee0b0 (5 bytes)
1658202090.658053 sending message 112 to peer 0xeee0b0 (9 bytes)
1658202090.658057 sending message 112 to peer 0xeee0b0 (15 bytes)
1658202090.658061 sending message 104 to peer 0xeee0b0 (0 bytes)
1658202090.658065 sending message 110 to peer 0xeee0b0 (0 bytes)
1658202090.658068 sending message 107 to peer 0xeee0b0 (4 bytes)
1658202090.658072 sending message 105 to peer 0xeee0b0 (38 bytes)
1658202090.658075 sending message 105 to peer 0xeee0b0 (21 bytes)
1658202090.658078 sending message 105 to peer 0xeee0b0 (25 bytes)
1658202090.658081 sending message 105 to peer 0xeee0b0 (156 bytes)
1658202090.658086 sending message 105 to peer 0xeee0b0 (31 bytes)
1658202090.658089 sending message 105 to peer 0xeee0b0 (45 bytes)
1658202090.658092 sending message 105 to peer 0xeee0b0 (51 bytes)
1658202090.658095 sending message 105 to peer 0xeee0b0 (35 bytes)
1658202090.658098 sending message 105 to peer 0xeee0b0 (32 bytes)
1658202090.658102 sending message 105 to peer 0xeee0b0 (357 bytes)
1658202090.658105 sending message 105 to peer 0xeee0b0 (113 bytes)
1658202090.658108 sending message 105 to peer 0xeee0b0 (25 bytes)
1658202090.658111 sending message 105 to peer 0xeee0b0 (15 bytes)
1658202090.658115 sending message 105 to peer 0xeee0b0 (16 bytes)
1658202090.658118 sending message 105 to peer 0xeee0b0 (19 bytes)
1658202090.658121 sending message 105 to peer 0xeee0b0 (42 bytes)
1658202090.658125 sending message 105 to peer 0xeee0b0 (12 bytes)
1658202090.658128 sending message 105 to peer 0xeee0b0 (15 bytes)
1658202090.658131 sending message 105 to peer 0xeee0b0 (17 bytes)
1658202090.658134 sending message 105 to peer 0xeee0b0 (30 bytes)
1658202090.658137 sending message 105 to peer 0xeee0b0 (112 bytes)
1658202090.658140 sending message 105 to peer 0xeee0b0 (10 bytes)
1658202090.658143 sending message 105 to peer 0xeee0b0 (25 bytes)
1658202090.658146 sending message 105 to peer 0xeee0b0 (155 bytes)
1658202090.658150 sending message 105 to peer 0xeee0b0 (43 bytes)
1658202090.658153 sending message 105 to peer 0xeee0b0 (34 bytes)
1658202090.658156 sending message 105 to peer 0xeee0b0 (11 bytes)
1658202090.658159 sending message 105 to peer 0xeee0b0 (35 bytes)
1658202090.658162 sending message 105 to peer 0xeee0b0 (33 bytes)
1658202090.658165 sending message 105 to peer 0xeee0b0 (13 bytes)
1658202090.658168 sending message 105 to peer 0xeee0b0 (35 bytes)
1658202090.658171 sending message 105 to peer 0xeee0b0 (13 bytes)
1658202090.658174 sending message 105 to peer 0xeee0b0 (17 bytes)
1658202090.658178 sending message 105 to peer 0xeee0b0 (27 bytes)
1658202090.658181 sending message 105 to peer 0xeee0b0 (1764 bytes)
1658202090.658196 sending message 105 to peer 0xeee0b0 (785 bytes)
1658202090.658200 sending message 105 to peer 0xeee0b0 (19 bytes)
1658202090.658207 sending message 105 to peer 0xeee0b0 (21 bytes)
1658202090.658211 sending message 105 to peer 0xeee0b0 (26 bytes)
1658202090.658214 sending message 105 to peer 0xeee0b0 (95 bytes)
1658202090.658217 sending message 105 to peer 0xeee0b0 (35 bytes)
1658202090.658220 sending message 105 to peer 0xeee0b0 (37 bytes)
1658202090.658224 sending message 105 to peer 0xeee0b0 (28 bytes)
1658202090.658227 sending message 105 to peer 0xeee0b0 (47 bytes)
1658202090.658230 sending message 105 to peer 0xeee0b0 (36 bytes)
1658202090.658233 sending message 105 to peer 0xeee0b0 (38 bytes)
1658202090.658236 sending message 105 to peer 0xeee0b0 (24 bytes)
1658202090.658239 sending message 105 to peer 0xeee0b0 (30 bytes)
1658202090.658242 sending message 105 to peer 0xeee0b0 (54 bytes)
1658202090.658246 sending message 105 to peer 0xeee0b0 (271 bytes)
1658202090.658249 sending message 105 to peer 0xeee0b0 (25 bytes)
1658202090.658252 sending message 105 to peer 0xeee0b0 (30 bytes)
1658202090.658255 sending message 105 to peer 0xeee0b0 (23 bytes)
1658202090.658258 sending message 105 to peer 0xeee0b0 (32 bytes)
1658202090.658261 sending message 105 to peer 0xeee0b0 (17 bytes)
1658202090.658264 sending message 105 to peer 0xeee0b0 (112 bytes)
1658202090.658268 sending message 105 to peer 0xeee0b0 (450 bytes)
1658202090.658271 sending message 105 to peer 0xeee0b0 (87 bytes)
1658202090.658274 sending message 105 to peer 0xeee0b0 (7 bytes)
1658202090.658277 sending message 105 to peer 0xeee0b0 (30 bytes)
1658202090.658280 sending message 105 to peer 0xeee0b0 (20 bytes)
1658202090.658283 sending message 105 to peer 0xeee0b0 (12 bytes)
1658202090.658287 sending message 105 to peer 0xeee0b0 (11 bytes)
1658202090.658290 sending message 105 to peer 0xeee0b0 (8 bytes)
1658202090.658293 sending message 105 to peer 0xeee0b0 (21 bytes)
1658202090.658296 sending message 105 to peer 0xeee0b0 (100 bytes)
1658202090.658299 sending message 105 to peer 0xeee0b0 (11 bytes)
1658202090.658303 sending message 105 to peer 0xeee0b0 (204 bytes)
1658202090.658306 sending message 105 to peer 0xeee0b0 (31 bytes)
1658202090.658309 sending message 105 to peer 0xeee0b0 (11 bytes)
1658202090.658312 sending message 105 to peer 0xeee0b0 (17 bytes)
1658202090.658315 sending message 105 to peer 0xeee0b0 (36 bytes)
1658202090.658318 sending message 105 to peer 0xeee0b0 (64 bytes)
1658202090.658321 sending message 105 to peer 0xeee0b0 (72 bytes)
1658202090.658325 sending message 105 to peer 0xeee0b0 (173 bytes)
1658202090.658328 sending message 105 to peer 0xeee0b0 (36 bytes)
1658202090.658331 sending message 105 to peer 0xeee0b0 (85 bytes)
1658202090.658334 sending message 105 to peer 0xeee0b0 (195 bytes)
1658202090.658337 sending message 105 to peer 0xeee0b0 (31 bytes)
1658202090.658340 sending message 105 to peer 0xeee0b0 (45 bytes)
1658202090.658344 sending message 105 to peer 0xeee0b0 (36 bytes)
1658202090.658347 sending message 105 to peer 0xeee0b0 (107 bytes)
1658202090.658350 sending message 105 to peer 0xeee0b0 (31 bytes)
1658202090.658353 sending message 105 to peer 0xeee0b0 (196 bytes)
1658202090.658356 sending message 105 to peer 0xeee0b0 (16 bytes)
1658202090.658359 sending message 105 to peer 0xeee0b0 (160 bytes)
1658202090.658362 sending message 105 to peer 0xeee0b0 (35 bytes)
1658202090.658366 sending message 105 to peer 0xeee0b0 (509 bytes)
1658202090.658369 sending message 105 to peer 0xeee0b0 (54 bytes)
1658202090.658372 sending message 105 to peer 0xeee0b0 (345 bytes)
1658202090.658376 sending message 105 to peer 0xeee0b0 (37 bytes)
1658202090.658379 sending message 105 to peer 0xeee0b0 (53 bytes)
1658202090.658382 sending message 105 to peer 0xeee0b0 (18 bytes)
1658202090.658385 sending message 105 to peer 0xeee0b0 (18 bytes)
1658202090.658388 sending message 105 to peer 0xeee0b0 (20 bytes)
1658202090.658391 sending message 105 to peer 0xeee0b0 (15 bytes)
1658202090.658394 sending message 105 to peer 0xeee0b0 (85 bytes)
1658202090.658397 sending message 105 to peer 0xeee0b0 (90 bytes)
1658202090.658400 sending message 105 to peer 0xeee0b0 (38 bytes)
1658202090.658407 sending message 105 to peer 0xeee0b0 (15 bytes)
1658202090.658410 sending message 105 to peer 0xeee0b0 (29 bytes)
1658202090.658414 sending message 105 to peer 0xeee0b0 (213 bytes)
1658202090.658417 sending message 105 to peer 0xeee0b0 (36 bytes)
1658202090.658420 sending message 106 to peer 0xeee0b0 (0 bytes)
1658202090.658497 sending message 200 to peer 0xeee0b0 (4 bytes)
1658202090.658506 client loop enter
1658202090.662803 peer 0xeee0b0 message 207
1658202090.662824 sending message 208 to peer 0xeee0b0 (0 bytes)
